<?xml version="1.0" encoding="UTF-8"?>
<testsuite name="com.dasa.controllers.DadoPopulacionalControllerTest" tests="0" skipped="0" failures="0" errors="0" timestamp="1970-01-01T00:00:00" hostname="rapha" time="0.0">
  <properties/>
  <system-out><![CDATA[20:18:38.801 [Test worker] DEBUG org.springframework.test.context.junit4.SpringJUnit4ClassRunner - SpringJUnit4ClassRunner constructor called with [class com.dasa.controllers.DadoPopulacionalControllerTest]
20:18:38.801 [Test worker] DEBUG org.springframework.test.context.BootstrapUtils - Instantiating CacheAwareContextLoaderDelegate from class [org.springframework.test.context.cache.DefaultCacheAwareContextLoaderDelegate]
20:18:38.802 [Test worker] DEBUG org.springframework.test.context.BootstrapUtils - Instantiating BootstrapContext using constructor [public org.springframework.test.context.support.DefaultBootstrapContext(java.lang.Class,org.springframework.test.context.CacheAwareContextLoaderDelegate)]
20:18:38.803 [Test worker] DEBUG org.springframework.test.context.BootstrapUtils - Instantiating TestContextBootstrapper for test class [com.dasa.controllers.DadoPopulacionalControllerTest] from class [org.springframework.boot.test.context.SpringBootTestContextBootstrapper]
20:18:38.804 [Test worker] INFO org.springframework.boot.test.context.SpringBootTestContextBootstrapper - Neither @ContextConfiguration nor @ContextHierarchy found for test class [com.dasa.controllers.DadoPopulacionalControllerTest], using SpringBootContextLoader
20:18:38.808 [Test worker] DEBUG org.springframework.test.context.support.AbstractContextLoader - Did not detect default resource location for test class [com.dasa.controllers.DadoPopulacionalControllerTest]: class path resource [com/dasa/controllers/DadoPopulacionalControllerTest-context.xml] does not exist
20:18:38.809 [Test worker] DEBUG org.springframework.test.context.support.AbstractContextLoader - Did not detect default resource location for test class [com.dasa.controllers.DadoPopulacionalControllerTest]: class path resource [com/dasa/controllers/DadoPopulacionalControllerTestContext.groovy] does not exist
20:18:38.809 [Test worker] INFO org.springframework.test.context.support.AbstractContextLoader - Could not detect default resource locations for test class [com.dasa.controllers.DadoPopulacionalControllerTest]: no resource found for suffixes {-context.xml, Context.groovy}.
20:18:38.809 [Test worker] INFO org.springframework.test.context.support.AnnotationConfigContextLoaderUtils - Could not detect default configuration classes for test class [com.dasa.controllers.DadoPopulacionalControllerTest]: DadoPopulacionalControllerTest does not declare any static, non-private, non-final, nested classes annotated with @Configuration.
20:18:38.819 [Test worker] DEBUG org.springframework.test.context.support.ActiveProfilesUtils - Could not find an 'annotation declaring class' for annotation type [org.springframework.test.context.ActiveProfiles] and class [com.dasa.controllers.DadoPopulacionalControllerTest]
20:18:38.819 [Test worker] DEBUG org.springframework.core.env.StandardEnvironment - Adding [systemProperties] PropertySource with lowest search precedence
20:18:38.820 [Test worker] DEBUG org.springframework.core.env.StandardEnvironment - Adding [systemEnvironment] PropertySource with lowest search precedence
20:18:38.820 [Test worker] DEBUG org.springframework.core.env.StandardEnvironment - Initialized StandardEnvironment with PropertySources [systemProperties,systemEnvironment]
20:18:38.821 [Test worker] INFO org.springframework.boot.test.context.SpringBootTestContextBootstrapper - Found @SpringBootConfiguration com.dasa.Application for test class com.dasa.controllers.DadoPopulacionalControllerTest
20:18:38.823 [Test worker] DEBUG org.springframework.boot.test.context.SpringBootTestContextBootstrapper - @TestExecutionListeners is not present for class [com.dasa.controllers.DadoPopulacionalControllerTest]: using defaults.
20:18:38.828 [Test worker] INFO org.springframework.boot.test.context.SpringBootTestContextBootstrapper - Loaded default TestExecutionListener class names from location [META-INF/spring.factories]: [org.springframework.boot.test.mock.mockito.MockitoTestExecutionListener, org.springframework.boot.test.mock.mockito.ResetMocksTestExecutionListener, org.springframework.boot.test.autoconfigure.restdocs.RestDocsTestExecutionListener, org.springframework.boot.test.autoconfigure.web.client.MockRestServiceServerResetTestExecutionListener, org.springframework.boot.test.autoconfigure.web.servlet.MockMvcPrintOnlyOnFailureTestExecutionListener, org.springframework.boot.test.autoconfigure.web.servlet.WebDriverTestExecutionListener, org.springframework.test.context.web.ServletTestExecutionListener, org.springframework.test.context.support.DirtiesContextBeforeModesTestExecutionListener, org.springframework.test.context.support.DependencyInjectionTestExecutionListener, org.springframework.test.context.support.DirtiesContextTestExecutionListener, org.springframework.test.context.transaction.TransactionalTestExecutionListener, org.springframework.test.context.jdbc.SqlScriptsTestExecutionListener]
20:18:38.833 [Test worker] INFO org.springframework.boot.test.context.SpringBootTestContextBootstrapper - Using TestExecutionListeners: [org.springframework.test.context.web.ServletTestExecutionListener@5f80955d, org.springframework.test.context.support.DirtiesContextBeforeModesTestExecutionListener@2ce0e4f8, org.springframework.boot.test.autoconfigure.SpringBootDependencyInjectionTestExecutionListener@603f279b, org.springframework.test.context.support.DirtiesContextTestExecutionListener@7cec52e, org.springframework.test.context.transaction.TransactionalTestExecutionListener@5cbf92f7, org.springframework.test.context.jdbc.SqlScriptsTestExecutionListener@77537abc, org.springframework.boot.test.autoconfigure.web.servlet.MockMvcPrintOnlyOnFailureTestExecutionListener@6ec98832, org.springframework.boot.test.mock.mockito.ResetMocksTestExecutionListener@1f5fc770, org.springframework.boot.test.mock.mockito.MockitoTestExecutionListener@3fd7d646, org.springframework.boot.test.autoconfigure.restdocs.RestDocsTestExecutionListener@53bdcd9a, org.springframework.boot.test.autoconfigure.web.servlet.WebDriverTestExecutionListener@719747c7, org.springframework.boot.test.autoconfigure.web.client.MockRestServiceServerResetTestExecutionListener@10926ac2]
20:18:38.834 [Test worker] DEBUG org.springframework.test.annotation.ProfileValueUtils - Retrieved @ProfileValueSourceConfiguration [null] for test class [com.dasa.controllers.DadoPopulacionalControllerTest]
20:18:38.835 [Test worker] DEBUG org.springframework.test.annotation.ProfileValueUtils - Retrieved ProfileValueSource type [class org.springframework.test.annotation.SystemProfileValueSource] for class [com.dasa.controllers.DadoPopulacionalControllerTest]
]]></system-out>
  <system-err><![CDATA[]]></system-err>
</testsuite>
