<?xml version="1.0" encoding="UTF-8"?>
<testsuite name="com.dasa.controllers.CampanhaControllerTest" tests="0" skipped="0" failures="0" errors="0" timestamp="1970-01-01T00:00:00" hostname="rapha" time="0.0">
  <properties/>
  <system-out><![CDATA[20:18:38.415 [Test worker] DEBUG org.springframework.test.context.junit4.SpringJUnit4ClassRunner - SpringJUnit4ClassRunner constructor called with [class com.dasa.controllers.CampanhaControllerTest]
20:18:38.415 [Test worker] DEBUG org.springframework.test.context.BootstrapUtils - Instantiating CacheAwareContextLoaderDelegate from class [org.springframework.test.context.cache.DefaultCacheAwareContextLoaderDelegate]
20:18:38.418 [Test worker] DEBUG org.springframework.test.context.BootstrapUtils - Instantiating BootstrapContext using constructor [public org.springframework.test.context.support.DefaultBootstrapContext(java.lang.Class,org.springframework.test.context.CacheAwareContextLoaderDelegate)]
20:18:38.419 [Test worker] DEBUG org.springframework.test.context.BootstrapUtils - Instantiating TestContextBootstrapper for test class [com.dasa.controllers.CampanhaControllerTest] from class [org.springframework.boot.test.context.SpringBootTestContextBootstrapper]
20:18:38.420 [Test worker] INFO org.springframework.boot.test.context.SpringBootTestContextBootstrapper - Neither @ContextConfiguration nor @ContextHierarchy found for test class [com.dasa.controllers.CampanhaControllerTest], using SpringBootContextLoader
20:18:38.523 [Test worker] DEBUG org.springframework.test.context.support.AbstractContextLoader - Did not detect default resource location for test class [com.dasa.controllers.CampanhaControllerTest]: class path resource [com/dasa/controllers/CampanhaControllerTest-context.xml] does not exist
20:18:38.524 [Test worker] DEBUG org.springframework.test.context.support.AbstractContextLoader - Did not detect default resource location for test class [com.dasa.controllers.CampanhaControllerTest]: class path resource [com/dasa/controllers/CampanhaControllerTestContext.groovy] does not exist
20:18:38.525 [Test worker] INFO org.springframework.test.context.support.AbstractContextLoader - Could not detect default resource locations for test class [com.dasa.controllers.CampanhaControllerTest]: no resource found for suffixes {-context.xml, Context.groovy}.
20:18:38.526 [Test worker] INFO org.springframework.test.context.support.AnnotationConfigContextLoaderUtils - Could not detect default configuration classes for test class [com.dasa.controllers.CampanhaControllerTest]: CampanhaControllerTest does not declare any static, non-private, non-final, nested classes annotated with @Configuration.
20:18:38.540 [Test worker] DEBUG org.springframework.test.context.support.ActiveProfilesUtils - Could not find an 'annotation declaring class' for annotation type [org.springframework.test.context.ActiveProfiles] and class [com.dasa.controllers.CampanhaControllerTest]
20:18:38.541 [Test worker] DEBUG org.springframework.core.env.StandardEnvironment - Adding [systemProperties] PropertySource with lowest search precedence
20:18:38.541 [Test worker] DEBUG org.springframework.core.env.StandardEnvironment - Adding [systemEnvironment] PropertySource with lowest search precedence
20:18:38.542 [Test worker] DEBUG org.springframework.core.env.StandardEnvironment - Initialized StandardEnvironment with PropertySources [systemProperties,systemEnvironment]
20:18:38.543 [Test worker] DEBUG org.springframework.core.io.support.PathMatchingResourcePatternResolver - Resolved classpath location [com/dasa/controllers/] to resources [URL [file:/home/rapha/java/workspace/desafio-dasa-handson/dasa-hands-on/dasa-hands-on/build/classes/test/com/dasa/controllers/], URL [file:/home/rapha/java/workspace/desafio-dasa-handson/dasa-hands-on/dasa-hands-on/build/classes/main/com/dasa/controllers/]]
20:18:38.544 [Test worker] DEBUG org.springframework.core.io.support.PathMatchingResourcePatternResolver - Looking for matching resources in directory tree [/home/rapha/java/workspace/desafio-dasa-handson/dasa-hands-on/dasa-hands-on/build/classes/test/com/dasa/controllers]
20:18:38.544 [Test worker] DEBUG org.springframework.core.io.support.PathMatchingResourcePatternResolver - Searching directory [/home/rapha/java/workspace/desafio-dasa-handson/dasa-hands-on/dasa-hands-on/build/classes/test/com/dasa/controllers] for files matching pattern [/home/rapha/java/workspace/desafio-dasa-handson/dasa-hands-on/dasa-hands-on/build/classes/test/com/dasa/controllers/*.class]
20:18:38.546 [Test worker] DEBUG org.springframework.core.io.support.PathMatchingResourcePatternResolver - Looking for matching resources in directory tree [/home/rapha/java/workspace/desafio-dasa-handson/dasa-hands-on/dasa-hands-on/build/classes/main/com/dasa/controllers]
20:18:38.547 [Test worker] DEBUG org.springframework.core.io.support.PathMatchingResourcePatternResolver - Searching directory [/home/rapha/java/workspace/desafio-dasa-handson/dasa-hands-on/dasa-hands-on/build/classes/main/com/dasa/controllers] for files matching pattern [/home/rapha/java/workspace/desafio-dasa-handson/dasa-hands-on/dasa-hands-on/build/classes/main/com/dasa/controllers/*.class]
20:18:38.548 [Test worker] DEBUG org.springframework.core.io.support.PathMatchingResourcePatternResolver - Resolved location pattern [classpath*:com/dasa/controllers/*.class] to resources [file [/home/rapha/java/workspace/desafio-dasa-handson/dasa-hands-on/dasa-hands-on/build/classes/test/com/dasa/controllers/CampanhaControllerTest.class], file [/home/rapha/java/workspace/desafio-dasa-handson/dasa-hands-on/dasa-hands-on/build/classes/test/com/dasa/controllers/DadoPopulacionalControllerTest.class], file [/home/rapha/java/workspace/desafio-dasa-handson/dasa-hands-on/dasa-hands-on/build/classes/main/com/dasa/controllers/CampanhaController.class], file [/home/rapha/java/workspace/desafio-dasa-handson/dasa-hands-on/dasa-hands-on/build/classes/main/com/dasa/controllers/DadoPopulacionalController.class], file [/home/rapha/java/workspace/desafio-dasa-handson/dasa-hands-on/dasa-hands-on/build/classes/main/com/dasa/controllers/SampleController.class]]
20:18:38.760 [Test worker] DEBUG org.springframework.core.io.support.PathMatchingResourcePatternResolver - Resolved classpath location [com/dasa/] to resources [URL [file:/home/rapha/java/workspace/desafio-dasa-handson/dasa-hands-on/dasa-hands-on/build/classes/test/com/dasa/], URL [file:/home/rapha/java/workspace/desafio-dasa-handson/dasa-hands-on/dasa-hands-on/build/classes/main/com/dasa/]]
20:18:38.760 [Test worker] DEBUG org.springframework.core.io.support.PathMatchingResourcePatternResolver - Looking for matching resources in directory tree [/home/rapha/java/workspace/desafio-dasa-handson/dasa-hands-on/dasa-hands-on/build/classes/test/com/dasa]
20:18:38.761 [Test worker] DEBUG org.springframework.core.io.support.PathMatchingResourcePatternResolver - Searching directory [/home/rapha/java/workspace/desafio-dasa-handson/dasa-hands-on/dasa-hands-on/build/classes/test/com/dasa] for files matching pattern [/home/rapha/java/workspace/desafio-dasa-handson/dasa-hands-on/dasa-hands-on/build/classes/test/com/dasa/*.class]
20:18:38.764 [Test worker] DEBUG org.springframework.core.io.support.PathMatchingResourcePatternResolver - Looking for matching resources in directory tree [/home/rapha/java/workspace/desafio-dasa-handson/dasa-hands-on/dasa-hands-on/build/classes/main/com/dasa]
20:18:38.765 [Test worker] DEBUG org.springframework.core.io.support.PathMatchingResourcePatternResolver - Searching directory [/home/rapha/java/workspace/desafio-dasa-handson/dasa-hands-on/dasa-hands-on/build/classes/main/com/dasa] for files matching pattern [/home/rapha/java/workspace/desafio-dasa-handson/dasa-hands-on/dasa-hands-on/build/classes/main/com/dasa/*.class]
20:18:38.768 [Test worker] DEBUG org.springframework.core.io.support.PathMatchingResourcePatternResolver - Resolved location pattern [classpath*:com/dasa/*.class] to resources [file [/home/rapha/java/workspace/desafio-dasa-handson/dasa-hands-on/dasa-hands-on/build/classes/test/com/dasa/DasaHandsOnApplicationTests.class], file [/home/rapha/java/workspace/desafio-dasa-handson/dasa-hands-on/dasa-hands-on/build/classes/main/com/dasa/Application.class]]
20:18:38.774 [Test worker] DEBUG org.springframework.context.annotation.ClassPathScanningCandidateComponentProvider - Identified candidate component class: file [/home/rapha/java/workspace/desafio-dasa-handson/dasa-hands-on/dasa-hands-on/build/classes/main/com/dasa/Application.class]
20:18:38.775 [Test worker] INFO org.springframework.boot.test.context.SpringBootTestContextBootstrapper - Found @SpringBootConfiguration com.dasa.Application for test class com.dasa.controllers.CampanhaControllerTest
20:18:38.782 [Test worker] DEBUG org.springframework.boot.test.context.SpringBootTestContextBootstrapper - @TestExecutionListeners is not present for class [com.dasa.controllers.CampanhaControllerTest]: using defaults.
20:18:38.787 [Test worker] INFO org.springframework.boot.test.context.SpringBootTestContextBootstrapper - Loaded default TestExecutionListener class names from location [META-INF/spring.factories]: [org.springframework.boot.test.mock.mockito.MockitoTestExecutionListener, org.springframework.boot.test.mock.mockito.ResetMocksTestExecutionListener, org.springframework.boot.test.autoconfigure.restdocs.RestDocsTestExecutionListener, org.springframework.boot.test.autoconfigure.web.client.MockRestServiceServerResetTestExecutionListener, org.springframework.boot.test.autoconfigure.web.servlet.MockMvcPrintOnlyOnFailureTestExecutionListener, org.springframework.boot.test.autoconfigure.web.servlet.WebDriverTestExecutionListener, org.springframework.test.context.web.ServletTestExecutionListener, org.springframework.test.context.support.DirtiesContextBeforeModesTestExecutionListener, org.springframework.test.context.support.DependencyInjectionTestExecutionListener, org.springframework.test.context.support.DirtiesContextTestExecutionListener, org.springframework.test.context.transaction.TransactionalTestExecutionListener, org.springframework.test.context.jdbc.SqlScriptsTestExecutionListener]
20:18:38.794 [Test worker] INFO org.springframework.boot.test.context.SpringBootTestContextBootstrapper - Using TestExecutionListeners: [org.springframework.test.context.web.ServletTestExecutionListener@64d6c838, org.springframework.test.context.support.DirtiesContextBeforeModesTestExecutionListener@513e1649, org.springframework.boot.test.autoconfigure.SpringBootDependencyInjectionTestExecutionListener@4c3f4292, org.springframework.test.context.support.DirtiesContextTestExecutionListener@631e2059, org.springframework.test.context.transaction.TransactionalTestExecutionListener@315ba30a, org.springframework.test.context.jdbc.SqlScriptsTestExecutionListener@10f67736, org.springframework.boot.test.autoconfigure.web.servlet.MockMvcPrintOnlyOnFailureTestExecutionListener@266b8c68, org.springframework.boot.test.mock.mockito.ResetMocksTestExecutionListener@34656c14, org.springframework.boot.test.mock.mockito.MockitoTestExecutionListener@58caca61, org.springframework.boot.test.autoconfigure.restdocs.RestDocsTestExecutionListener@7b264989, org.springframework.boot.test.autoconfigure.web.servlet.WebDriverTestExecutionListener@1d49249, org.springframework.boot.test.autoconfigure.web.client.MockRestServiceServerResetTestExecutionListener@1e4e5bab]
20:18:38.795 [Test worker] DEBUG org.springframework.test.annotation.ProfileValueUtils - Retrieved @ProfileValueSourceConfiguration [null] for test class [com.dasa.controllers.CampanhaControllerTest]
20:18:38.796 [Test worker] DEBUG org.springframework.test.annotation.ProfileValueUtils - Retrieved ProfileValueSource type [class org.springframework.test.annotation.SystemProfileValueSource] for class [com.dasa.controllers.CampanhaControllerTest]
]]></system-out>
  <system-err><![CDATA[]]></system-err>
</testsuite>
