<?xml version="1.0" encoding="UTF-8"?>
<testsuite name="com.dasa.domain.EstatisticaAnoResponseTest" tests="0" skipped="0" failures="0" errors="0" timestamp="1970-01-01T00:00:00" hostname="rapha" time="0.0">
  <properties/>
  <system-out><![CDATA[20:18:37.501 [Test worker] DEBUG org.springframework.test.context.junit4.SpringJUnit4ClassRunner - SpringJUnit4ClassRunner constructor called with [class com.dasa.domain.EstatisticaAnoResponseTest]
20:18:37.502 [Test worker] DEBUG org.springframework.test.context.BootstrapUtils - Instantiating CacheAwareContextLoaderDelegate from class [org.springframework.test.context.cache.DefaultCacheAwareContextLoaderDelegate]
20:18:37.503 [Test worker] DEBUG org.springframework.test.context.BootstrapUtils - Instantiating BootstrapContext using constructor [public org.springframework.test.context.support.DefaultBootstrapContext(java.lang.Class,org.springframework.test.context.CacheAwareContextLoaderDelegate)]
20:18:37.504 [Test worker] DEBUG org.springframework.test.context.BootstrapUtils - Instantiating TestContextBootstrapper for test class [com.dasa.domain.EstatisticaAnoResponseTest] from class [org.springframework.test.context.support.DefaultTestContextBootstrapper]
20:18:37.557 [Test worker] INFO org.springframework.test.context.support.DefaultTestContextBootstrapper - Neither @ContextConfiguration nor @ContextHierarchy found for test class [com.dasa.domain.EstatisticaAnoResponseTest], using DelegatingSmartContextLoader
20:18:37.577 [Test worker] DEBUG org.springframework.test.context.support.AbstractDelegatingSmartContextLoader - Delegating to GenericXmlContextLoader to process context configuration [ContextConfigurationAttributes@55e4a509 declaringClass = 'com.dasa.domain.EstatisticaAnoResponseTest', classes = '{}', locations = '{}', inheritLocations = false, initializers = '{}', inheritInitializers = true, name = [null], contextLoaderClass = 'org.springframework.test.context.ContextLoader'].
20:18:37.798 [Test worker] DEBUG org.springframework.test.context.support.AbstractContextLoader - Did not detect default resource location for test class [com.dasa.domain.EstatisticaAnoResponseTest]: class path resource [com/dasa/domain/EstatisticaAnoResponseTest-context.xml] does not exist
20:18:37.799 [Test worker] INFO org.springframework.test.context.support.AbstractContextLoader - Could not detect default resource locations for test class [com.dasa.domain.EstatisticaAnoResponseTest]: no resource found for suffixes {-context.xml}.
20:18:37.799 [Test worker] DEBUG org.springframework.test.context.support.AbstractDelegatingSmartContextLoader - Delegating to AnnotationConfigContextLoader to process context configuration [ContextConfigurationAttributes@55e4a509 declaringClass = 'com.dasa.domain.EstatisticaAnoResponseTest', classes = '{}', locations = '{}', inheritLocations = false, initializers = '{}', inheritInitializers = true, name = [null], contextLoaderClass = 'org.springframework.test.context.ContextLoader'].
20:18:37.800 [Test worker] INFO org.springframework.test.context.support.AnnotationConfigContextLoaderUtils - Could not detect default configuration classes for test class [com.dasa.domain.EstatisticaAnoResponseTest]: EstatisticaAnoResponseTest does not declare any static, non-private, non-final, nested classes annotated with @Configuration.
20:18:37.810 [Test worker] DEBUG org.springframework.test.context.support.ActiveProfilesUtils - Could not find an 'annotation declaring class' for annotation type [org.springframework.test.context.ActiveProfiles] and class [com.dasa.domain.EstatisticaAnoResponseTest]
20:18:37.810 [Test worker] DEBUG org.springframework.test.context.support.DefaultTestContextBootstrapper - @TestExecutionListeners is not present for class [com.dasa.domain.EstatisticaAnoResponseTest]: using defaults.
20:18:37.829 [Test worker] INFO org.springframework.test.context.support.DefaultTestContextBootstrapper - Loaded default TestExecutionListener class names from location [META-INF/spring.factories]: [org.springframework.boot.test.mock.mockito.MockitoTestExecutionListener, org.springframework.boot.test.mock.mockito.ResetMocksTestExecutionListener, org.springframework.boot.test.autoconfigure.restdocs.RestDocsTestExecutionListener, org.springframework.boot.test.autoconfigure.web.client.MockRestServiceServerResetTestExecutionListener, org.springframework.boot.test.autoconfigure.web.servlet.MockMvcPrintOnlyOnFailureTestExecutionListener, org.springframework.boot.test.autoconfigure.web.servlet.WebDriverTestExecutionListener, org.springframework.test.context.web.ServletTestExecutionListener, org.springframework.test.context.support.DirtiesContextBeforeModesTestExecutionListener, org.springframework.test.context.support.DependencyInjectionTestExecutionListener, org.springframework.test.context.support.DirtiesContextTestExecutionListener, org.springframework.test.context.transaction.TransactionalTestExecutionListener, org.springframework.test.context.jdbc.SqlScriptsTestExecutionListener]
20:18:37.831 [Test worker] INFO org.springframework.test.context.support.DefaultTestContextBootstrapper - Using TestExecutionListeners: [org.springframework.test.context.web.ServletTestExecutionListener@146cca48, org.springframework.test.context.support.DirtiesContextBeforeModesTestExecutionListener@b08a830, org.springframework.test.context.support.DependencyInjectionTestExecutionListener@73ea6e98, org.springframework.test.context.support.DirtiesContextTestExecutionListener@789986ed, org.springframework.test.context.transaction.TransactionalTestExecutionListener@a553d3c, org.springframework.test.context.jdbc.SqlScriptsTestExecutionListener@44d24d6e, org.springframework.boot.test.autoconfigure.web.servlet.MockMvcPrintOnlyOnFailureTestExecutionListener@64ec75c2, org.springframework.boot.test.mock.mockito.ResetMocksTestExecutionListener@50f6295c, org.springframework.boot.test.mock.mockito.MockitoTestExecutionListener@736942a3, org.springframework.boot.test.autoconfigure.restdocs.RestDocsTestExecutionListener@2506c89d, org.springframework.boot.test.autoconfigure.web.servlet.WebDriverTestExecutionListener@22c3fb9a, org.springframework.boot.test.autoconfigure.web.client.MockRestServiceServerResetTestExecutionListener@439e8a57]
20:18:37.832 [Test worker] DEBUG org.springframework.test.annotation.ProfileValueUtils - Retrieved @ProfileValueSourceConfiguration [null] for test class [com.dasa.domain.EstatisticaAnoResponseTest]
20:18:37.833 [Test worker] DEBUG org.springframework.test.annotation.ProfileValueUtils - Retrieved ProfileValueSource type [class org.springframework.test.annotation.SystemProfileValueSource] for class [com.dasa.domain.EstatisticaAnoResponseTest]
]]></system-out>
  <system-err><![CDATA[]]></system-err>
</testsuite>
